2019-10-13 09:44:25,435 INFO o.s.b.StartupInfoLogger [restartedMain] Starting EmployeeProjectApplication on Tarun with PID 5984 (started by Tarun in D:\New WorkSpace\EmployeeProject)
2019-10-13 09:44:25,441 DEBUG o.s.b.StartupInfoLogger [restartedMain] Running with Spring Boot v2.1.8.RELEASE, Spring v5.1.9.RELEASE
2019-10-13 09:44:25,442 INFO o.s.b.SpringApplication [restartedMain] No active profile set, falling back to default profiles: default
2019-10-13 09:44:25,487 INFO o.s.b.l.DeferredLog [restartedMain] Devtools property defaults active! Set 'spring.devtools.add-properties' to 'false' to disable
2019-10-13 09:44:25,488 INFO o.s.b.l.DeferredLog [restartedMain] For additional web related logging consider setting the 'logging.level.web' property to 'DEBUG'
2019-10-13 09:44:26,370 INFO o.s.d.r.c.RepositoryConfigurationDelegate [restartedMain] Bootstrapping Spring Data repositories in DEFAULT mode.
2019-10-13 09:44:26,434 INFO o.s.d.r.c.RepositoryConfigurationDelegate [restartedMain] Finished Spring Data repository scanning in 56ms. Found 3 repository interfaces.
2019-10-13 09:44:26,774 INFO o.s.c.s.PostProcessorRegistrationDelegate$BeanPostProcessorChecker [restartedMain] Bean 'org.springframework.transaction.annotation.ProxyTransactionManagementConfiguration' of type [org.springframework.transaction.annotation.ProxyTransactionManagementConfiguration$$EnhancerBySpringCGLIB$$cf9b8a45] is not eligible for getting processed by all BeanPostProcessors (for example: not eligible for auto-proxying)
2019-10-13 09:44:26,793 INFO o.s.c.s.PostProcessorRegistrationDelegate$BeanPostProcessorChecker [restartedMain] Bean 'org.springframework.hateoas.config.HateoasConfiguration' of type [org.springframework.hateoas.config.HateoasConfiguration$$EnhancerBySpringCGLIB$$4f1bd777] is not eligible for getting processed by all BeanPostProcessors (for example: not eligible for auto-proxying)
2019-10-13 09:44:27,113 INFO o.s.b.w.e.t.TomcatWebServer [restartedMain] Tomcat initialized with port(s): 8080 (http)
2019-10-13 09:44:27,126 INFO o.a.j.l.DirectJDKLog [restartedMain] Initializing ProtocolHandler ["http-nio-8080"]
2019-10-13 09:44:27,134 INFO o.a.j.l.DirectJDKLog [restartedMain] Starting service [Tomcat]
2019-10-13 09:44:27,135 INFO o.a.j.l.DirectJDKLog [restartedMain] Starting Servlet engine: [Apache Tomcat/9.0.24]
2019-10-13 09:44:27,255 INFO o.a.j.l.DirectJDKLog [restartedMain] Initializing Spring embedded WebApplicationContext
2019-10-13 09:44:27,255 INFO o.s.b.w.s.c.ServletWebServerApplicationContext [restartedMain] Root WebApplicationContext: initialization completed in 1766 ms
2019-10-13 09:44:27,474 INFO c.z.h.HikariDataSource [restartedMain] HikariPool-1 - Starting...
2019-10-13 09:44:27,653 INFO c.z.h.HikariDataSource [restartedMain] HikariPool-1 - Start completed.
2019-10-13 09:44:27,704 INFO o.h.j.i.u.LogHelper [restartedMain] HHH000204: Processing PersistenceUnitInfo [
	name: default
	...]
2019-10-13 09:44:27,755 INFO o.h.Version [restartedMain] HHH000412: Hibernate Core {5.3.11.Final}
2019-10-13 09:44:27,757 INFO o.h.c.Environment [restartedMain] HHH000206: hibernate.properties not found
2019-10-13 09:44:27,856 INFO o.h.a.c.r.j.JavaReflectionManager [restartedMain] HCANN000001: Hibernate Commons Annotations {5.0.4.Final}
2019-10-13 09:44:27,964 INFO o.h.d.Dialect [restartedMain] HHH000400: Using dialect: org.hibernate.dialect.H2Dialect
2019-10-13 09:44:28,517 INFO o.h.t.s.i.SchemaCreatorImpl [restartedMain] HHH000476: Executing import script 'org.hibernate.tool.schema.internal.exec.ScriptSourceInputNonExistentImpl@2aa7b638'
2019-10-13 09:44:28,520 INFO o.s.o.j.AbstractEntityManagerFactoryBean [restartedMain] Initialized JPA EntityManagerFactory for persistence unit 'default'
2019-10-13 09:44:28,577 INFO o.s.b.d.a.OptionalLiveReloadServer [restartedMain] LiveReload server is running on port 35729
2019-10-13 09:44:28,864 INFO o.h.h.i.QueryTranslatorFactoryInitiator [restartedMain] HHH000397: Using ASTQueryTranslatorFactory
2019-10-13 09:44:29,478 INFO o.s.s.c.ExecutorConfigurationSupport [restartedMain] Initializing ExecutorService 'applicationTaskExecutor'
2019-10-13 09:44:29,517 WARN o.s.b.a.o.j.JpaBaseConfiguration$JpaWebConfiguration$JpaWebMvcConfiguration [restartedMain] spring.jpa.open-in-view is enabled by default. Therefore, database queries may be performed during view rendering. Explicitly configure spring.jpa.open-in-view to disable this warning
2019-10-13 09:44:29,862 INFO o.a.j.l.DirectJDKLog [restartedMain] Starting ProtocolHandler ["http-nio-8080"]
2019-10-13 09:44:30,119 INFO o.s.b.w.e.t.TomcatWebServer [restartedMain] Tomcat started on port(s): 8080 (http) with context path ''
2019-10-13 09:44:30,122 INFO o.s.b.StartupInfoLogger [restartedMain] Started EmployeeProjectApplication in 4.993 seconds (JVM running for 6.58)
